<?xml version="1.0" encoding="UTF-8"?>
<!-- Generated by org.testng.reporters.JUnitXMLReporter -->
<testsuite ignored="0" hostname="LAPTOP-HVV08EUT" failures="2" tests="16" name="Test" time="85.221" errors="0" timestamp="2025-06-21T13:48:12 IST">
  <testcase classname="testscript.LoginTest" name="verifyUserLoginWithValidCredentials" time="1.345"/>
  <testcase classname="testscript.LoginTest" name="verifyUserLoginWithInvalidUsernameAndValidPassword" time="0.472"/>
  <testcase classname="testscript.LoginTest" name="verifyUserLoginWithValidUsernameAndInvalidPassword" time="0.481"/>
  <testcase classname="testscript.LoginTest" name="verifyUserLoginWithInvalidCredential" time="0.479"/>
  <testcase classname="testscript.LoginTest" name="verifyUserLoginWithInvalidCredential" time="0.469"/>
  <testcase classname="testscript.LoginTest" name="verifyUserLoginWithInvalidCredential" time="0.444"/>
  <testcase classname="testscript.HomeTest" name="verifyWhetherUserIsAbleToLogoutSuccessfully" time="1.018"/>
  <testcase classname="testscript.AdminUserTest" name="verifyWhetherUserIsAbleToAddNewUser" time="2.152"/>
  <testcase classname="testscript.AdminUserTest" name="verifyWhetherUserIsAbleToSearchAUser" time="11.606">
    <skipped/>
  </testcase> <!-- verifyWhetherUserIsAbleToSearchAUser -->
  <testcase classname="testscript.AdminUserTest" name="verifyWhetherUserIsAbleToSearchAUser" time="11.578">
    <skipped/>
  </testcase> <!-- verifyWhetherUserIsAbleToSearchAUser -->
  <testcase classname="testscript.AdminUserTest" name="verifyWhetherUserIsAbleToSearchAUser" time="11.566">
    <failure type="org.openqa.selenium.NoSuchElementException" message="no such element: Unable to locate element: {&amp;quot;method&amp;quot;:&amp;quot;xpath&amp;quot;,&amp;quot;selector&amp;quot;:&amp;quot;//table[@class=&amp;apos;table table-bordered table-hover table-sm&amp;apos;]//following::td[text()=&amp;apos;Orange&amp;apos;]&amp;quot;}
  (Session info: chrome=137.0.7151.104)
For documentation on this error, please visit: https://www.selenium.dev/documentation/webdriver/troubleshooting/errors#no-such-element-exception
Build info: version: &amp;apos;4.28.1&amp;apos;, revision: &amp;apos;73f5ad48a2&amp;apos;
System info: os.name: &amp;apos;Windows 10&amp;apos;, os.arch: &amp;apos;amd64&amp;apos;, os.version: &amp;apos;10.0&amp;apos;, java.version: &amp;apos;17&amp;apos;
Driver info: org.openqa.selenium.chrome.ChromeDriver
Command: [acaadc9cc9af8d5982d691c9c2ae7a98, findElement {value=//table[@class=&amp;apos;table table-bordered table-hover table-sm&amp;apos;]//following::td[text()=&amp;apos;Orange&amp;apos;], using=xpath}]
Capabilities {acceptInsecureCerts: false, browserName: chrome, browserVersion: 137.0.7151.104, chrome: {chromedriverVersion: 137.0.7151.119 (e0ac9d12dff..., userDataDir: C:\Users\asus\AppData\Local...}, fedcm:accounts: true, goog:chromeOptions: {debuggerAddress: localhost:52199}, networkConnectionEnabled: false, pageLoadStrategy: normal, platformName: windows, proxy: Proxy(), se:cdp: ws://localhost:52199/devtoo..., se:cdpVersion: 137.0.7151.104, setWindowRect: true, strictFileInteractability: false, timeouts: {implicit: 0, pageLoad: 300000, script: 30000}, unhandledPromptBehavior: dismiss and notify, webauthn:extension:credBlob: true, webauthn:extension:largeBlob: true, webauthn:extension:minPinLength: true, webauthn:extension:prf: true, webauthn:virtualAuthenticators: true}
Session ID: acaadc9cc9af8d5982d691c9c2ae7a98">
      <![CDATA[org.openqa.selenium.NoSuchElementException: no such element: Unable to locate element: {"method":"xpath","selector":"//table[@class='table table-bordered table-hover table-sm']//following::td[text()='Orange']"}
  (Session info: chrome=137.0.7151.104)
For documentation on this error, please visit: https://www.selenium.dev/documentation/webdriver/troubleshooting/errors#no-such-element-exception
Build info: version: '4.28.1', revision: '73f5ad48a2'
System info: os.name: 'Windows 10', os.arch: 'amd64', os.version: '10.0', java.version: '17'
Driver info: org.openqa.selenium.chrome.ChromeDriver
Command: [acaadc9cc9af8d5982d691c9c2ae7a98, findElement {value=//table[@class='table table-bordered table-hover table-sm']//following::td[text()='Orange'], using=xpath}]
Capabilities {acceptInsecureCerts: false, browserName: chrome, browserVersion: 137.0.7151.104, chrome: {chromedriverVersion: 137.0.7151.119 (e0ac9d12dff..., userDataDir: C:\Users\asus\AppData\Local...}, fedcm:accounts: true, goog:chromeOptions: {debuggerAddress: localhost:52199}, networkConnectionEnabled: false, pageLoadStrategy: normal, platformName: windows, proxy: Proxy(), se:cdp: ws://localhost:52199/devtoo..., se:cdpVersion: 137.0.7151.104, setWindowRect: true, strictFileInteractability: false, timeouts: {implicit: 0, pageLoad: 300000, script: 30000}, unhandledPromptBehavior: dismiss and notify, webauthn:extension:credBlob: true, webauthn:extension:largeBlob: true, webauthn:extension:minPinLength: true, webauthn:extension:prf: true, webauthn:virtualAuthenticators: true}
Session ID: acaadc9cc9af8d5982d691c9c2ae7a98
at org.openqa.selenium.remote.ErrorCodec.decode(ErrorCodec.java:167)
at org.openqa.selenium.remote.codec.w3c.W3CHttpResponseCodec.decode(W3CHttpResponseCodec.java:138)
at org.openqa.selenium.remote.codec.w3c.W3CHttpResponseCodec.decode(W3CHttpResponseCodec.java:50)
at org.openqa.selenium.remote.HttpCommandExecutor.execute(HttpCommandExecutor.java:215)
at org.openqa.selenium.remote.service.DriverCommandExecutor.invokeExecute(DriverCommandExecutor.java:216)
at org.openqa.selenium.remote.service.DriverCommandExecutor.execute(DriverCommandExecutor.java:174)
at org.openqa.selenium.remote.RemoteWebDriver.execute(RemoteWebDriver.java:545)
at org.openqa.selenium.remote.ElementLocation$ElementFinder$2.findElement(ElementLocation.java:165)
at org.openqa.selenium.remote.ElementLocation.findElement(ElementLocation.java:59)
at org.openqa.selenium.remote.RemoteWebDriver.findElement(RemoteWebDriver.java:368)
at org.openqa.selenium.remote.RemoteWebDriver.findElement(RemoteWebDriver.java:362)
at org.openqa.selenium.support.pagefactory.DefaultElementLocator.findElement(DefaultElementLocator.java:68)
at org.openqa.selenium.support.pagefactory.internal.LocatingElementHandler.invoke(LocatingElementHandler.java:38)
at jdk.proxy2/jdk.proxy2.$Proxy16.getText(Unknown Source)
at pages.AdminUserPage.getSerachUser(AdminUserPage.java:101)
at testscript.AdminUserTest.verifyWhetherUserIsAbleToSearchAUser(AdminUserTest.java:55)
at java.base/java.util.ArrayList.forEach(ArrayList.java:1511)
... Removed 32 stack frames]]>
    </failure>
  </testcase> <!-- verifyWhetherUserIsAbleToSearchAUser -->
  <testcase classname="testscript.ManageNewsTest" name="verifyWhetherUserIsAbleToAddNewNews" time="1.594"/>
  <testcase classname="testscript.ManageNewsTest" name="verifyWhetherUserIsAbleToSearchANews" time="1.386"/>
  <testcase classname="testscript.ManageCategoryTest" name="verifyWhetherUserIsAbleToAddNewCategory" time="2.09">
    <skipped/>
  </testcase> <!-- verifyWhetherUserIsAbleToAddNewCategory -->
  <testcase classname="testscript.ManageCategoryTest" name="verifyWhetherUserIsAbleToAddNewCategory" time="1.653">
    <skipped/>
  </testcase> <!-- verifyWhetherUserIsAbleToAddNewCategory -->
  <testcase classname="testscript.ManageCategoryTest" name="verifyWhetherUserIsAbleToAddNewCategory" time="1.45">
    <failure type="org.openqa.selenium.InvalidArgumentException" message="invalid argument: File not found : C:\Users\asus\git\LiveProject\7RMartSuperMarketProject\src\test\resources\Untitled design.jpg
  (Session info: chrome=137.0.7151.104)
Build info: version: &amp;apos;4.28.1&amp;apos;, revision: &amp;apos;73f5ad48a2&amp;apos;
System info: os.name: &amp;apos;Windows 10&amp;apos;, os.arch: &amp;apos;amd64&amp;apos;, os.version: &amp;apos;10.0&amp;apos;, java.version: &amp;apos;17&amp;apos;
Driver info: org.openqa.selenium.chrome.ChromeDriver
Command: [287a21c22ee9999cc213ad0c8e74e750, sendKeysToElement {id=f.6F74503F63492ECB3E4E3230371B1C63.d.F0D7329E0B17A843C037800734299869.e.102, value=[Ljava.lang.CharSequence;@78ad7d17}]
Capabilities {acceptInsecureCerts: false, browserName: chrome, browserVersion: 137.0.7151.104, chrome: {chromedriverVersion: 137.0.7151.119 (e0ac9d12dff..., userDataDir: C:\Users\asus\AppData\Local...}, fedcm:accounts: true, goog:chromeOptions: {debuggerAddress: localhost:52318}, networkConnectionEnabled: false, pageLoadStrategy: normal, platformName: windows, proxy: Proxy(), se:cdp: ws://localhost:52318/devtoo..., se:cdpVersion: 137.0.7151.104, setWindowRect: true, strictFileInteractability: false, timeouts: {implicit: 0, pageLoad: 300000, script: 30000}, unhandledPromptBehavior: dismiss and notify, webauthn:extension:credBlob: true, webauthn:extension:largeBlob: true, webauthn:extension:minPinLength: true, webauthn:extension:prf: true, webauthn:virtualAuthenticators: true}
Element: [[ChromeDriver: chrome on windows (287a21c22ee9999cc213ad0c8e74e750)] -&amp;gt; xpath: //input[@id=&amp;apos;main_img&amp;apos;]]
Session ID: 287a21c22ee9999cc213ad0c8e74e750">
      <![CDATA[org.openqa.selenium.InvalidArgumentException: invalid argument: File not found : C:\Users\asus\git\LiveProject\7RMartSuperMarketProject\src\test\resources\Untitled design.jpg
  (Session info: chrome=137.0.7151.104)
Build info: version: '4.28.1', revision: '73f5ad48a2'
System info: os.name: 'Windows 10', os.arch: 'amd64', os.version: '10.0', java.version: '17'
Driver info: org.openqa.selenium.chrome.ChromeDriver
Command: [287a21c22ee9999cc213ad0c8e74e750, sendKeysToElement {id=f.6F74503F63492ECB3E4E3230371B1C63.d.F0D7329E0B17A843C037800734299869.e.102, value=[Ljava.lang.CharSequence;@78ad7d17}]
Capabilities {acceptInsecureCerts: false, browserName: chrome, browserVersion: 137.0.7151.104, chrome: {chromedriverVersion: 137.0.7151.119 (e0ac9d12dff..., userDataDir: C:\Users\asus\AppData\Local...}, fedcm:accounts: true, goog:chromeOptions: {debuggerAddress: localhost:52318}, networkConnectionEnabled: false, pageLoadStrategy: normal, platformName: windows, proxy: Proxy(), se:cdp: ws://localhost:52318/devtoo..., se:cdpVersion: 137.0.7151.104, setWindowRect: true, strictFileInteractability: false, timeouts: {implicit: 0, pageLoad: 300000, script: 30000}, unhandledPromptBehavior: dismiss and notify, webauthn:extension:credBlob: true, webauthn:extension:largeBlob: true, webauthn:extension:minPinLength: true, webauthn:extension:prf: true, webauthn:virtualAuthenticators: true}
Element: [[ChromeDriver: chrome on windows (287a21c22ee9999cc213ad0c8e74e750)] -> xpath: //input[@id='main_img']]
Session ID: 287a21c22ee9999cc213ad0c8e74e750
at org.openqa.selenium.remote.ErrorCodec.decode(ErrorCodec.java:167)
at org.openqa.selenium.remote.codec.w3c.W3CHttpResponseCodec.decode(W3CHttpResponseCodec.java:138)
at org.openqa.selenium.remote.codec.w3c.W3CHttpResponseCodec.decode(W3CHttpResponseCodec.java:50)
at org.openqa.selenium.remote.HttpCommandExecutor.execute(HttpCommandExecutor.java:215)
at org.openqa.selenium.remote.service.DriverCommandExecutor.invokeExecute(DriverCommandExecutor.java:216)
at org.openqa.selenium.remote.service.DriverCommandExecutor.execute(DriverCommandExecutor.java:174)
at org.openqa.selenium.remote.RemoteWebDriver.execute(RemoteWebDriver.java:545)
at org.openqa.selenium.remote.RemoteWebElement.execute(RemoteWebElement.java:223)
at org.openqa.selenium.remote.RemoteWebElement.sendKeys(RemoteWebElement.java:110)
at org.openqa.selenium.support.pagefactory.internal.LocatingElementHandler.invoke(LocatingElementHandler.java:51)
at jdk.proxy2/jdk.proxy2.$Proxy16.sendKeys(Unknown Source)
at pages.ManageCategoryPage.uploadImageManageCategory(ManageCategoryPage.java:44)
at testscript.ManageCategoryTest.verifyWhetherUserIsAbleToAddNewCategory(ManageCategoryTest.java:29)
at java.base/java.util.ArrayList.forEach(ArrayList.java:1511)
... Removed 35 stack frames]]>
    </failure>
  </testcase> <!-- verifyWhetherUserIsAbleToAddNewCategory -->
</testsuite> <!-- Test -->
