<!DOCTYPE html>

<html>
  <head>
  <meta charset='utf-8'>
  <title>TestNG reports</title>

    <link type="text/css" href="testng-reports1.css" rel="stylesheet" id="ultra" />
    <link type="text/css" href="testng-reports.css" rel="stylesheet" id="retro" disabled="false"/>
    <script type="text/javascript" src="jquery-3.6.0.min.js"></script>
    <script type="text/javascript" src="testng-reports.js"></script>
    <script type="text/javascript" src="https://www.google.com/jsapi"></script>
    <script type='text/javascript'>
      google.load('visualization', '1', {packages:['table']});
      google.setOnLoadCallback(drawTable);
      var suiteTableInitFunctions = new Array();
      var suiteTableData = new Array();
    </script>
    <!--
      <script type="text/javascript" src="jquery-ui/js/jquery-ui-1.8.16.custom.min.js"></script>
     -->
  </head>

  <body>    <div class="top-banner-root">
      <span class="top-banner-title-font">Test results</span>
      <button id="button" class="button">Switch Retro Theme</button> <!-- button -->
      <br/>
      <span class="top-banner-font-1">1 suite, 2 failed tests</span>
    </div> <!-- top-banner-root -->
    <div class="navigator-root">
      <div class="navigator-suite-header">
        <span>All suites</span>
        <a href="#" title="Collapse/expand all the suites" class="collapse-all-link">
          <img src="collapseall.gif" class="collapse-all-icon">
          </img> <!-- collapse-all-icon -->
        </a> <!-- collapse-all-link -->
      </div> <!-- navigator-suite-header -->
      <div class="suite">
        <div class="rounded-window">
          <div class="suite-header light-rounded-window-top">
            <a href="#" panel-name="suite-Suite" class="navigator-link">
              <span class="suite-name border-failed">Suite</span>
            </a> <!-- navigator-link -->
          </div> <!-- suite-header light-rounded-window-top -->
          <div class="navigator-suite-content">
            <div class="suite-section-title">
              <span>Info</span>
            </div> <!-- suite-section-title -->
            <div class="suite-section-content">
              <ul>
                <li>
                  <a href="#" panel-name="test-xml-Suite" class="navigator-link ">
                    <span>C:\Users\asus\git\LiveProject\7RMartSuperMarketProject\testng.xml</span>
                  </a> <!-- navigator-link  -->
                </li>
                <li>
                  <a href="#" panel-name="testlist-Suite" class="navigator-link ">
                    <span class="test-stats">1 test</span>
                  </a> <!-- navigator-link  -->
                </li>
                <li>
                  <a href="#" panel-name="group-Suite" class="navigator-link ">
                    <span>1 group</span>
                  </a> <!-- navigator-link  -->
                </li>
                <li>
                  <a href="#" panel-name="times-Suite" class="navigator-link ">
                    <span>Times</span>
                  </a> <!-- navigator-link  -->
                </li>
                <li>
                  <a href="#" panel-name="reporter-Suite" class="navigator-link ">
                    <span>Reporter output</span>
                  </a> <!-- navigator-link  -->
                </li>
                <li>
                  <a href="#" panel-name="ignored-methods-Suite" class="navigator-link ">
                    <span>Ignored methods</span>
                  </a> <!-- navigator-link  -->
                </li>
                <li>
                  <a href="#" panel-name="chronological-Suite" class="navigator-link ">
                    <span>Chronological view</span>
                  </a> <!-- navigator-link  -->
                </li>
              </ul>
            </div> <!-- suite-section-content -->
            <div class="result-section">
              <div class="suite-section-title">
                <span>Results</span>
              </div> <!-- suite-section-title -->
              <div class="suite-section-content">
                <ul>
                  <li>
                    <span class="method-stats">16 methods, 2 failed,  4 skipped,  10 passed</span>
                  </li>
                  <li>
                    <span class="method-list-title failed">Failed methods</span>
                    <span class="show-or-hide-methods failed">
                      <a href="#" panel-name="suite-Suite" class="hide-methods failed suite-Suite"> (hide)</a> <!-- hide-methods failed suite-Suite -->
                      <a href="#" panel-name="suite-Suite" class="show-methods failed suite-Suite"> (show)</a> <!-- show-methods failed suite-Suite -->
                    </span>
                    <div class="method-list-content failed suite-Suite">
                      <span>
                        <img src="failed.png" width="3%"/>
                        <a href="#" panel-name="suite-Suite" title="testscript.ManageCategoryTest" class="method navigator-link" hash-for-method="verifyWhetherUserIsAbleToAddNewCategory">verifyWhetherUserIsAbleToAddNewCategory</a> <!-- method navigator-link -->
                      </span>
                      <br/>
                      <span>
                        <img src="failed.png" width="3%"/>
                        <a href="#" panel-name="suite-Suite" title="testscript.AdminUserTest" class="method navigator-link" hash-for-method="verifyWhetherUserIsAbleToSearchAUser">verifyWhetherUserIsAbleToSearchAUser</a> <!-- method navigator-link -->
                      </span>
                      <br/>
                    </div> <!-- method-list-content failed suite-Suite -->
                  </li>
                  <li>
                    <span class="method-list-title skipped">Retried methods</span>
                    <span class="show-or-hide-methods skipped">
                      <a href="#" panel-name="suite-Suite" class="hide-methods skipped suite-Suite"> (hide)</a> <!-- hide-methods skipped suite-Suite -->
                      <a href="#" panel-name="suite-Suite" class="show-methods skipped suite-Suite"> (show)</a> <!-- show-methods skipped suite-Suite -->
                    </span>
                    <div class="method-list-content skipped suite-Suite">
                      <span>
                        <img src="skipped.png" width="3%"/>
                        <a href="#" panel-name="suite-Suite" title="testscript.ManageCategoryTest" class="method navigator-link" hash-for-method="verifyWhetherUserIsAbleToAddNewCategory">verifyWhetherUserIsAbleToAddNewCategory</a> <!-- method navigator-link -->
                      </span>
                      <br/>
                      <span>
                        <img src="skipped.png" width="3%"/>
                        <a href="#" panel-name="suite-Suite" title="testscript.ManageCategoryTest" class="method navigator-link" hash-for-method="verifyWhetherUserIsAbleToAddNewCategory">verifyWhetherUserIsAbleToAddNewCategory</a> <!-- method navigator-link -->
                      </span>
                      <br/>
                      <span>
                        <img src="skipped.png" width="3%"/>
                        <a href="#" panel-name="suite-Suite" title="testscript.AdminUserTest" class="method navigator-link" hash-for-method="verifyWhetherUserIsAbleToSearchAUser">verifyWhetherUserIsAbleToSearchAUser</a> <!-- method navigator-link -->
                      </span>
                      <br/>
                      <span>
                        <img src="skipped.png" width="3%"/>
                        <a href="#" panel-name="suite-Suite" title="testscript.AdminUserTest" class="method navigator-link" hash-for-method="verifyWhetherUserIsAbleToSearchAUser">verifyWhetherUserIsAbleToSearchAUser</a> <!-- method navigator-link -->
                      </span>
                      <br/>
                    </div> <!-- method-list-content skipped suite-Suite -->
                  </li>
                  <li>
                    <span class="method-list-title passed">Passed methods</span>
                    <span class="show-or-hide-methods passed">
                      <a href="#" panel-name="suite-Suite" class="hide-methods passed suite-Suite"> (hide)</a> <!-- hide-methods passed suite-Suite -->
                      <a href="#" panel-name="suite-Suite" class="show-methods passed suite-Suite"> (show)</a> <!-- show-methods passed suite-Suite -->
                    </span>
                    <div class="method-list-content passed suite-Suite">
                      <span>
                        <img src="passed.png" width="3%"/>
                        <a href="#" panel-name="suite-Suite" title="testscript.LoginTest" class="method navigator-link" hash-for-method="verifyUserLoginWithInvalidCredential(test, test1)">verifyUserLoginWithInvalidCredential(test, test1)</a> <!-- method navigator-link -->
                      </span>
                      <br/>
                      <span>
                        <img src="passed.png" width="3%"/>
                        <a href="#" panel-name="suite-Suite" title="testscript.LoginTest" class="method navigator-link" hash-for-method="verifyUserLoginWithInvalidCredential(test1, test2)">verifyUserLoginWithInvalidCredential(test1, test2)</a> <!-- method navigator-link -->
                      </span>
                      <br/>
                      <span>
                        <img src="passed.png" width="3%"/>
                        <a href="#" panel-name="suite-Suite" title="testscript.LoginTest" class="method navigator-link" hash-for-method="verifyUserLoginWithInvalidCredential(amin, amin)">verifyUserLoginWithInvalidCredential(amin, amin)</a> <!-- method navigator-link -->
                      </span>
                      <br/>
                      <span>
                        <img src="passed.png" width="3%"/>
                        <a href="#" panel-name="suite-Suite" title="testscript.LoginTest" class="method navigator-link" hash-for-method="verifyUserLoginWithInvalidUsernameAndValidPassword">verifyUserLoginWithInvalidUsernameAndValidPassword</a> <!-- method navigator-link -->
                      </span>
                      <br/>
                      <span>
                        <img src="passed.png" width="3%"/>
                        <a href="#" panel-name="suite-Suite" title="testscript.LoginTest" class="method navigator-link" hash-for-method="verifyUserLoginWithValidCredentials">verifyUserLoginWithValidCredentials</a> <!-- method navigator-link -->
                      </span>
                      <br/>
                      <span>
                        <img src="passed.png" width="3%"/>
                        <a href="#" panel-name="suite-Suite" title="testscript.LoginTest" class="method navigator-link" hash-for-method="verifyUserLoginWithValidUsernameAndInvalidPassword">verifyUserLoginWithValidUsernameAndInvalidPassword</a> <!-- method navigator-link -->
                      </span>
                      <br/>
                      <span>
                        <img src="passed.png" width="3%"/>
                        <a href="#" panel-name="suite-Suite" title="testscript.ManageNewsTest" class="method navigator-link" hash-for-method="verifyWhetherUserIsAbleToAddNewNews">verifyWhetherUserIsAbleToAddNewNews</a> <!-- method navigator-link -->
                      </span>
                      <br/>
                      <span>
                        <img src="passed.png" width="3%"/>
                        <a href="#" panel-name="suite-Suite" title="testscript.AdminUserTest" class="method navigator-link" hash-for-method="verifyWhetherUserIsAbleToAddNewUser">verifyWhetherUserIsAbleToAddNewUser</a> <!-- method navigator-link -->
                      </span>
                      <br/>
                      <span>
                        <img src="passed.png" width="3%"/>
                        <a href="#" panel-name="suite-Suite" title="testscript.HomeTest" class="method navigator-link" hash-for-method="verifyWhetherUserIsAbleToLogoutSuccessfully">verifyWhetherUserIsAbleToLogoutSuccessfully</a> <!-- method navigator-link -->
                      </span>
                      <br/>
                      <span>
                        <img src="passed.png" width="3%"/>
                        <a href="#" panel-name="suite-Suite" title="testscript.ManageNewsTest" class="method navigator-link" hash-for-method="verifyWhetherUserIsAbleToSearchANews">verifyWhetherUserIsAbleToSearchANews</a> <!-- method navigator-link -->
                      </span>
                      <br/>
                    </div> <!-- method-list-content passed suite-Suite -->
                  </li>
                </ul>
              </div> <!-- suite-section-content -->
            </div> <!-- result-section -->
          </div> <!-- navigator-suite-content -->
        </div> <!-- rounded-window -->
      </div> <!-- suite -->
    </div> <!-- navigator-root -->
    <div class="wrapper">
      <div class="main-panel-root">
        <div panel-name="suite-Suite" class="panel Suite">
          <div class="suite-Suite-class-failed">
            <div class="main-panel-header rounded-window-top">
              <img src="failed.png"/>
              <span class="class-name">testscript.ManageCategoryTest</span>
            </div> <!-- main-panel-header rounded-window-top -->
            <div class="main-panel-content rounded-window-bottom">
              <div class="method">
                <div class="method-content">
                  <a name="verifyWhetherUserIsAbleToAddNewCategory">
                  </a> <!-- verifyWhetherUserIsAbleToAddNewCategory -->
                  <span class="method-name">verifyWhetherUserIsAbleToAddNewCategory</span>
                  <div class="stack-trace">org.openqa.selenium.InvalidArgumentException: invalid argument: File not found : C:\Users\asus\git\LiveProject\7RMartSuperMarketProject\src\test\resources\Untitled design.jpg
  (Session info: chrome=137.0.7151.104)
Build info: version: &apos;4.28.1&apos;, revision: &apos;73f5ad48a2&apos;
System info: os.name: &apos;Windows 10&apos;, os.arch: &apos;amd64&apos;, os.version: &apos;10.0&apos;, java.version: &apos;17&apos;
Driver info: org.openqa.selenium.chrome.ChromeDriver
Command: [287a21c22ee9999cc213ad0c8e74e750, sendKeysToElement {id=f.6F74503F63492ECB3E4E3230371B1C63.d.F0D7329E0B17A843C037800734299869.e.102, value=[Ljava.lang.CharSequence;@78ad7d17}]
Capabilities {acceptInsecureCerts: false, browserName: chrome, browserVersion: 137.0.7151.104, chrome: {chromedriverVersion: 137.0.7151.119 (e0ac9d12dff..., userDataDir: C:\Users\asus\AppData\Local...}, fedcm:accounts: true, goog:chromeOptions: {debuggerAddress: localhost:52318}, networkConnectionEnabled: false, pageLoadStrategy: normal, platformName: windows, proxy: Proxy(), se:cdp: ws://localhost:52318/devtoo..., se:cdpVersion: 137.0.7151.104, setWindowRect: true, strictFileInteractability: false, timeouts: {implicit: 0, pageLoad: 300000, script: 30000}, unhandledPromptBehavior: dismiss and notify, webauthn:extension:credBlob: true, webauthn:extension:largeBlob: true, webauthn:extension:minPinLength: true, webauthn:extension:prf: true, webauthn:virtualAuthenticators: true}
Element: [[ChromeDriver: chrome on windows (287a21c22ee9999cc213ad0c8e74e750)] -&gt; xpath: //input[@id=&apos;main_img&apos;]]
Session ID: 287a21c22ee9999cc213ad0c8e74e750
	at org.openqa.selenium.remote.ErrorCodec.decode(ErrorCodec.java:167)
	at org.openqa.selenium.remote.codec.w3c.W3CHttpResponseCodec.decode(W3CHttpResponseCodec.java:138)
	at org.openqa.selenium.remote.codec.w3c.W3CHttpResponseCodec.decode(W3CHttpResponseCodec.java:50)
	at org.openqa.selenium.remote.HttpCommandExecutor.execute(HttpCommandExecutor.java:215)
	at org.openqa.selenium.remote.service.DriverCommandExecutor.invokeExecute(DriverCommandExecutor.java:216)
	at org.openqa.selenium.remote.service.DriverCommandExecutor.execute(DriverCommandExecutor.java:174)
	at org.openqa.selenium.remote.RemoteWebDriver.execute(RemoteWebDriver.java:545)
	at org.openqa.selenium.remote.RemoteWebElement.execute(RemoteWebElement.java:223)
	at org.openqa.selenium.remote.RemoteWebElement.sendKeys(RemoteWebElement.java:110)
	at org.openqa.selenium.support.pagefactory.internal.LocatingElementHandler.invoke(LocatingElementHandler.java:51)
	at jdk.proxy2/jdk.proxy2.$Proxy16.sendKeys(Unknown Source)
	at pages.ManageCategoryPage.uploadImageManageCategory(ManageCategoryPage.java:44)
	at testscript.ManageCategoryTest.verifyWhetherUserIsAbleToAddNewCategory(ManageCategoryTest.java:29)
	at java.base/java.util.ArrayList.forEach(ArrayList.java:1511)
... Removed 35 stack frames
</div> <!-- stack-trace -->
                  <em>
(Verifying adding a new category in Manage Category page)                  </em>
                </div> <!-- method-content -->
              </div> <!-- method -->
            </div> <!-- main-panel-content rounded-window-bottom -->
          </div> <!-- suite-Suite-class-failed -->
          <div class="suite-Suite-class-failed">
            <div class="main-panel-header rounded-window-top">
              <img src="failed.png"/>
              <span class="class-name">testscript.AdminUserTest</span>
            </div> <!-- main-panel-header rounded-window-top -->
            <div class="main-panel-content rounded-window-bottom">
              <div class="method">
                <div class="method-content">
                  <a name="verifyWhetherUserIsAbleToSearchAUser">
                  </a> <!-- verifyWhetherUserIsAbleToSearchAUser -->
                  <span class="method-name">verifyWhetherUserIsAbleToSearchAUser</span>
                  <div class="stack-trace">org.openqa.selenium.NoSuchElementException: no such element: Unable to locate element: {&quot;method&quot;:&quot;xpath&quot;,&quot;selector&quot;:&quot;//table[@class=&apos;table table-bordered table-hover table-sm&apos;]//following::td[text()=&apos;Orange&apos;]&quot;}
  (Session info: chrome=137.0.7151.104)
For documentation on this error, please visit: https://www.selenium.dev/documentation/webdriver/troubleshooting/errors#no-such-element-exception
Build info: version: &apos;4.28.1&apos;, revision: &apos;73f5ad48a2&apos;
System info: os.name: &apos;Windows 10&apos;, os.arch: &apos;amd64&apos;, os.version: &apos;10.0&apos;, java.version: &apos;17&apos;
Driver info: org.openqa.selenium.chrome.ChromeDriver
Command: [acaadc9cc9af8d5982d691c9c2ae7a98, findElement {value=//table[@class=&apos;table table-bordered table-hover table-sm&apos;]//following::td[text()=&apos;Orange&apos;], using=xpath}]
Capabilities {acceptInsecureCerts: false, browserName: chrome, browserVersion: 137.0.7151.104, chrome: {chromedriverVersion: 137.0.7151.119 (e0ac9d12dff..., userDataDir: C:\Users\asus\AppData\Local...}, fedcm:accounts: true, goog:chromeOptions: {debuggerAddress: localhost:52199}, networkConnectionEnabled: false, pageLoadStrategy: normal, platformName: windows, proxy: Proxy(), se:cdp: ws://localhost:52199/devtoo..., se:cdpVersion: 137.0.7151.104, setWindowRect: true, strictFileInteractability: false, timeouts: {implicit: 0, pageLoad: 300000, script: 30000}, unhandledPromptBehavior: dismiss and notify, webauthn:extension:credBlob: true, webauthn:extension:largeBlob: true, webauthn:extension:minPinLength: true, webauthn:extension:prf: true, webauthn:virtualAuthenticators: true}
Session ID: acaadc9cc9af8d5982d691c9c2ae7a98
	at org.openqa.selenium.remote.ErrorCodec.decode(ErrorCodec.java:167)
	at org.openqa.selenium.remote.codec.w3c.W3CHttpResponseCodec.decode(W3CHttpResponseCodec.java:138)
	at org.openqa.selenium.remote.codec.w3c.W3CHttpResponseCodec.decode(W3CHttpResponseCodec.java:50)
	at org.openqa.selenium.remote.HttpCommandExecutor.execute(HttpCommandExecutor.java:215)
	at org.openqa.selenium.remote.service.DriverCommandExecutor.invokeExecute(DriverCommandExecutor.java:216)
	at org.openqa.selenium.remote.service.DriverCommandExecutor.execute(DriverCommandExecutor.java:174)
	at org.openqa.selenium.remote.RemoteWebDriver.execute(RemoteWebDriver.java:545)
	at org.openqa.selenium.remote.ElementLocation$ElementFinder$2.findElement(ElementLocation.java:165)
	at org.openqa.selenium.remote.ElementLocation.findElement(ElementLocation.java:59)
	at org.openqa.selenium.remote.RemoteWebDriver.findElement(RemoteWebDriver.java:368)
	at org.openqa.selenium.remote.RemoteWebDriver.findElement(RemoteWebDriver.java:362)
	at org.openqa.selenium.support.pagefactory.DefaultElementLocator.findElement(DefaultElementLocator.java:68)
	at org.openqa.selenium.support.pagefactory.internal.LocatingElementHandler.invoke(LocatingElementHandler.java:38)
	at jdk.proxy2/jdk.proxy2.$Proxy16.getText(Unknown Source)
	at pages.AdminUserPage.getSerachUser(AdminUserPage.java:101)
	at testscript.AdminUserTest.verifyWhetherUserIsAbleToSearchAUser(AdminUserTest.java:55)
	at java.base/java.util.ArrayList.forEach(ArrayList.java:1511)
... Removed 32 stack frames
</div> <!-- stack-trace -->
                  <em>
(Verifying searching a user in Admin User page)                  </em>
                </div> <!-- method-content -->
              </div> <!-- method -->
            </div> <!-- main-panel-content rounded-window-bottom -->
          </div> <!-- suite-Suite-class-failed -->
          <div class="suite-Suite-class-skipped">
            <div class="main-panel-header rounded-window-top">
              <img src="skipped.png"/>
              <span class="class-name">testscript.ManageCategoryTest</span>
            </div> <!-- main-panel-header rounded-window-top -->
            <div class="main-panel-content rounded-window-bottom">
              <div class="method">
                <div class="method-content">
                  <a name="verifyWhetherUserIsAbleToAddNewCategory">
                  </a> <!-- verifyWhetherUserIsAbleToAddNewCategory -->
                  <span class="method-name">verifyWhetherUserIsAbleToAddNewCategory</span>
                  <div class="stack-trace">org.openqa.selenium.InvalidArgumentException: invalid argument: File not found : C:\Users\asus\git\LiveProject\7RMartSuperMarketProject\src\test\resources\Untitled design.jpg
  (Session info: chrome=137.0.7151.104)
Build info: version: &apos;4.28.1&apos;, revision: &apos;73f5ad48a2&apos;
System info: os.name: &apos;Windows 10&apos;, os.arch: &apos;amd64&apos;, os.version: &apos;10.0&apos;, java.version: &apos;17&apos;
Driver info: org.openqa.selenium.chrome.ChromeDriver
Command: [968e4c389dfc66fce4755721ebe3b8d0, sendKeysToElement {id=f.E4EA900AC515ADCCBD7B165F80EEA854.d.B5741AD6D86330FB14B8C11BEE57EDD7.e.94, value=[Ljava.lang.CharSequence;@106361e9}]
Capabilities {acceptInsecureCerts: false, browserName: chrome, browserVersion: 137.0.7151.104, chrome: {chromedriverVersion: 137.0.7151.119 (e0ac9d12dff..., userDataDir: C:\Users\asus\AppData\Local...}, fedcm:accounts: true, goog:chromeOptions: {debuggerAddress: localhost:52273}, networkConnectionEnabled: false, pageLoadStrategy: normal, platformName: windows, proxy: Proxy(), se:cdp: ws://localhost:52273/devtoo..., se:cdpVersion: 137.0.7151.104, setWindowRect: true, strictFileInteractability: false, timeouts: {implicit: 0, pageLoad: 300000, script: 30000}, unhandledPromptBehavior: dismiss and notify, webauthn:extension:credBlob: true, webauthn:extension:largeBlob: true, webauthn:extension:minPinLength: true, webauthn:extension:prf: true, webauthn:virtualAuthenticators: true}
Element: [[ChromeDriver: chrome on windows (968e4c389dfc66fce4755721ebe3b8d0)] -&gt; xpath: //input[@id=&apos;main_img&apos;]]
Session ID: 968e4c389dfc66fce4755721ebe3b8d0
	at org.openqa.selenium.remote.ErrorCodec.decode(ErrorCodec.java:167)
	at org.openqa.selenium.remote.codec.w3c.W3CHttpResponseCodec.decode(W3CHttpResponseCodec.java:138)
	at org.openqa.selenium.remote.codec.w3c.W3CHttpResponseCodec.decode(W3CHttpResponseCodec.java:50)
	at org.openqa.selenium.remote.HttpCommandExecutor.execute(HttpCommandExecutor.java:215)
	at org.openqa.selenium.remote.service.DriverCommandExecutor.invokeExecute(DriverCommandExecutor.java:216)
	at org.openqa.selenium.remote.service.DriverCommandExecutor.execute(DriverCommandExecutor.java:174)
	at org.openqa.selenium.remote.RemoteWebDriver.execute(RemoteWebDriver.java:545)
	at org.openqa.selenium.remote.RemoteWebElement.execute(RemoteWebElement.java:223)
	at org.openqa.selenium.remote.RemoteWebElement.sendKeys(RemoteWebElement.java:110)
	at org.openqa.selenium.support.pagefactory.internal.LocatingElementHandler.invoke(LocatingElementHandler.java:51)
	at jdk.proxy2/jdk.proxy2.$Proxy16.sendKeys(Unknown Source)
	at pages.ManageCategoryPage.uploadImageManageCategory(ManageCategoryPage.java:44)
	at testscript.ManageCategoryTest.verifyWhetherUserIsAbleToAddNewCategory(ManageCategoryTest.java:29)
	at java.base/java.util.ArrayList.forEach(ArrayList.java:1511)
... Removed 35 stack frames
</div> <!-- stack-trace -->
                  <em>
(Verifying adding a new category in Manage Category page)                  </em>
                </div> <!-- method-content -->
              </div> <!-- method -->
              <div class="method">
                <div class="method-content">
                  <a name="verifyWhetherUserIsAbleToAddNewCategory">
                  </a> <!-- verifyWhetherUserIsAbleToAddNewCategory -->
                  <span class="method-name">verifyWhetherUserIsAbleToAddNewCategory</span>
                  <div class="stack-trace">org.openqa.selenium.InvalidArgumentException: invalid argument: File not found : C:\Users\asus\git\LiveProject\7RMartSuperMarketProject\src\test\resources\Untitled design.jpg
  (Session info: chrome=137.0.7151.104)
Build info: version: &apos;4.28.1&apos;, revision: &apos;73f5ad48a2&apos;
System info: os.name: &apos;Windows 10&apos;, os.arch: &apos;amd64&apos;, os.version: &apos;10.0&apos;, java.version: &apos;17&apos;
Driver info: org.openqa.selenium.chrome.ChromeDriver
Command: [f895d9e2222fac84ea3d78c9bb481df0, sendKeysToElement {id=f.AA4545DFB433C6A44B4FFEF50091D062.d.E11AAEA9E5933251A9655D011A88C198.e.101, value=[Ljava.lang.CharSequence;@19fc48a0}]
Capabilities {acceptInsecureCerts: false, browserName: chrome, browserVersion: 137.0.7151.104, chrome: {chromedriverVersion: 137.0.7151.119 (e0ac9d12dff..., userDataDir: C:\Users\asus\AppData\Local...}, fedcm:accounts: true, goog:chromeOptions: {debuggerAddress: localhost:52295}, networkConnectionEnabled: false, pageLoadStrategy: normal, platformName: windows, proxy: Proxy(), se:cdp: ws://localhost:52295/devtoo..., se:cdpVersion: 137.0.7151.104, setWindowRect: true, strictFileInteractability: false, timeouts: {implicit: 0, pageLoad: 300000, script: 30000}, unhandledPromptBehavior: dismiss and notify, webauthn:extension:credBlob: true, webauthn:extension:largeBlob: true, webauthn:extension:minPinLength: true, webauthn:extension:prf: true, webauthn:virtualAuthenticators: true}
Element: [[ChromeDriver: chrome on windows (f895d9e2222fac84ea3d78c9bb481df0)] -&gt; xpath: //input[@id=&apos;main_img&apos;]]
Session ID: f895d9e2222fac84ea3d78c9bb481df0
	at org.openqa.selenium.remote.ErrorCodec.decode(ErrorCodec.java:167)
	at org.openqa.selenium.remote.codec.w3c.W3CHttpResponseCodec.decode(W3CHttpResponseCodec.java:138)
	at org.openqa.selenium.remote.codec.w3c.W3CHttpResponseCodec.decode(W3CHttpResponseCodec.java:50)
	at org.openqa.selenium.remote.HttpCommandExecutor.execute(HttpCommandExecutor.java:215)
	at org.openqa.selenium.remote.service.DriverCommandExecutor.invokeExecute(DriverCommandExecutor.java:216)
	at org.openqa.selenium.remote.service.DriverCommandExecutor.execute(DriverCommandExecutor.java:174)
	at org.openqa.selenium.remote.RemoteWebDriver.execute(RemoteWebDriver.java:545)
	at org.openqa.selenium.remote.RemoteWebElement.execute(RemoteWebElement.java:223)
	at org.openqa.selenium.remote.RemoteWebElement.sendKeys(RemoteWebElement.java:110)
	at org.openqa.selenium.support.pagefactory.internal.LocatingElementHandler.invoke(LocatingElementHandler.java:51)
	at jdk.proxy2/jdk.proxy2.$Proxy16.sendKeys(Unknown Source)
	at pages.ManageCategoryPage.uploadImageManageCategory(ManageCategoryPage.java:44)
	at testscript.ManageCategoryTest.verifyWhetherUserIsAbleToAddNewCategory(ManageCategoryTest.java:29)
	at java.base/java.util.ArrayList.forEach(ArrayList.java:1511)
... Removed 35 stack frames
</div> <!-- stack-trace -->
                  <em>
(Verifying adding a new category in Manage Category page)                  </em>
                </div> <!-- method-content -->
              </div> <!-- method -->
            </div> <!-- main-panel-content rounded-window-bottom -->
          </div> <!-- suite-Suite-class-skipped -->
          <div class="suite-Suite-class-skipped">
            <div class="main-panel-header rounded-window-top">
              <img src="skipped.png"/>
              <span class="class-name">testscript.AdminUserTest</span>
            </div> <!-- main-panel-header rounded-window-top -->
            <div class="main-panel-content rounded-window-bottom">
              <div class="method">
                <div class="method-content">
                  <a name="verifyWhetherUserIsAbleToSearchAUser">
                  </a> <!-- verifyWhetherUserIsAbleToSearchAUser -->
                  <span class="method-name">verifyWhetherUserIsAbleToSearchAUser</span>
                  <div class="stack-trace">org.openqa.selenium.NoSuchElementException: no such element: Unable to locate element: {&quot;method&quot;:&quot;xpath&quot;,&quot;selector&quot;:&quot;//table[@class=&apos;table table-bordered table-hover table-sm&apos;]//following::td[text()=&apos;Orange&apos;]&quot;}
  (Session info: chrome=137.0.7151.104)
For documentation on this error, please visit: https://www.selenium.dev/documentation/webdriver/troubleshooting/errors#no-such-element-exception
Build info: version: &apos;4.28.1&apos;, revision: &apos;73f5ad48a2&apos;
System info: os.name: &apos;Windows 10&apos;, os.arch: &apos;amd64&apos;, os.version: &apos;10.0&apos;, java.version: &apos;17&apos;
Driver info: org.openqa.selenium.chrome.ChromeDriver
Command: [1306d6dbcbf0e49f911c887116da3123, findElement {value=//table[@class=&apos;table table-bordered table-hover table-sm&apos;]//following::td[text()=&apos;Orange&apos;], using=xpath}]
Capabilities {acceptInsecureCerts: false, browserName: chrome, browserVersion: 137.0.7151.104, chrome: {chromedriverVersion: 137.0.7151.119 (e0ac9d12dff..., userDataDir: C:\Users\asus\AppData\Local...}, fedcm:accounts: true, goog:chromeOptions: {debuggerAddress: localhost:52176}, networkConnectionEnabled: false, pageLoadStrategy: normal, platformName: windows, proxy: Proxy(), se:cdp: ws://localhost:52176/devtoo..., se:cdpVersion: 137.0.7151.104, setWindowRect: true, strictFileInteractability: false, timeouts: {implicit: 0, pageLoad: 300000, script: 30000}, unhandledPromptBehavior: dismiss and notify, webauthn:extension:credBlob: true, webauthn:extension:largeBlob: true, webauthn:extension:minPinLength: true, webauthn:extension:prf: true, webauthn:virtualAuthenticators: true}
Session ID: 1306d6dbcbf0e49f911c887116da3123
	at org.openqa.selenium.remote.ErrorCodec.decode(ErrorCodec.java:167)
	at org.openqa.selenium.remote.codec.w3c.W3CHttpResponseCodec.decode(W3CHttpResponseCodec.java:138)
	at org.openqa.selenium.remote.codec.w3c.W3CHttpResponseCodec.decode(W3CHttpResponseCodec.java:50)
	at org.openqa.selenium.remote.HttpCommandExecutor.execute(HttpCommandExecutor.java:215)
	at org.openqa.selenium.remote.service.DriverCommandExecutor.invokeExecute(DriverCommandExecutor.java:216)
	at org.openqa.selenium.remote.service.DriverCommandExecutor.execute(DriverCommandExecutor.java:174)
	at org.openqa.selenium.remote.RemoteWebDriver.execute(RemoteWebDriver.java:545)
	at org.openqa.selenium.remote.ElementLocation$ElementFinder$2.findElement(ElementLocation.java:165)
	at org.openqa.selenium.remote.ElementLocation.findElement(ElementLocation.java:59)
	at org.openqa.selenium.remote.RemoteWebDriver.findElement(RemoteWebDriver.java:368)
	at org.openqa.selenium.remote.RemoteWebDriver.findElement(RemoteWebDriver.java:362)
	at org.openqa.selenium.support.pagefactory.DefaultElementLocator.findElement(DefaultElementLocator.java:68)
	at org.openqa.selenium.support.pagefactory.internal.LocatingElementHandler.invoke(LocatingElementHandler.java:38)
	at jdk.proxy2/jdk.proxy2.$Proxy16.getText(Unknown Source)
	at pages.AdminUserPage.getSerachUser(AdminUserPage.java:101)
	at testscript.AdminUserTest.verifyWhetherUserIsAbleToSearchAUser(AdminUserTest.java:55)
	at java.base/java.util.ArrayList.forEach(ArrayList.java:1511)
... Removed 32 stack frames
</div> <!-- stack-trace -->
                  <em>
(Verifying searching a user in Admin User page)                  </em>
                </div> <!-- method-content -->
              </div> <!-- method -->
              <div class="method">
                <div class="method-content">
                  <a name="verifyWhetherUserIsAbleToSearchAUser">
                  </a> <!-- verifyWhetherUserIsAbleToSearchAUser -->
                  <span class="method-name">verifyWhetherUserIsAbleToSearchAUser</span>
                  <div class="stack-trace">org.openqa.selenium.NoSuchElementException: no such element: Unable to locate element: {&quot;method&quot;:&quot;xpath&quot;,&quot;selector&quot;:&quot;//table[@class=&apos;table table-bordered table-hover table-sm&apos;]//following::td[text()=&apos;Orange&apos;]&quot;}
  (Session info: chrome=137.0.7151.104)
For documentation on this error, please visit: https://www.selenium.dev/documentation/webdriver/troubleshooting/errors#no-such-element-exception
Build info: version: &apos;4.28.1&apos;, revision: &apos;73f5ad48a2&apos;
System info: os.name: &apos;Windows 10&apos;, os.arch: &apos;amd64&apos;, os.version: &apos;10.0&apos;, java.version: &apos;17&apos;
Driver info: org.openqa.selenium.chrome.ChromeDriver
Command: [36b22f9bc25d489b9ae655fe34a5e002, findElement {value=//table[@class=&apos;table table-bordered table-hover table-sm&apos;]//following::td[text()=&apos;Orange&apos;], using=xpath}]
Capabilities {acceptInsecureCerts: false, browserName: chrome, browserVersion: 137.0.7151.104, chrome: {chromedriverVersion: 137.0.7151.119 (e0ac9d12dff..., userDataDir: C:\Users\asus\AppData\Local...}, fedcm:accounts: true, goog:chromeOptions: {debuggerAddress: localhost:52150}, networkConnectionEnabled: false, pageLoadStrategy: normal, platformName: windows, proxy: Proxy(), se:cdp: ws://localhost:52150/devtoo..., se:cdpVersion: 137.0.7151.104, setWindowRect: true, strictFileInteractability: false, timeouts: {implicit: 0, pageLoad: 300000, script: 30000}, unhandledPromptBehavior: dismiss and notify, webauthn:extension:credBlob: true, webauthn:extension:largeBlob: true, webauthn:extension:minPinLength: true, webauthn:extension:prf: true, webauthn:virtualAuthenticators: true}
Session ID: 36b22f9bc25d489b9ae655fe34a5e002
	at org.openqa.selenium.remote.ErrorCodec.decode(ErrorCodec.java:167)
	at org.openqa.selenium.remote.codec.w3c.W3CHttpResponseCodec.decode(W3CHttpResponseCodec.java:138)
	at org.openqa.selenium.remote.codec.w3c.W3CHttpResponseCodec.decode(W3CHttpResponseCodec.java:50)
	at org.openqa.selenium.remote.HttpCommandExecutor.execute(HttpCommandExecutor.java:215)
	at org.openqa.selenium.remote.service.DriverCommandExecutor.invokeExecute(DriverCommandExecutor.java:216)
	at org.openqa.selenium.remote.service.DriverCommandExecutor.execute(DriverCommandExecutor.java:174)
	at org.openqa.selenium.remote.RemoteWebDriver.execute(RemoteWebDriver.java:545)
	at org.openqa.selenium.remote.ElementLocation$ElementFinder$2.findElement(ElementLocation.java:165)
	at org.openqa.selenium.remote.ElementLocation.findElement(ElementLocation.java:59)
	at org.openqa.selenium.remote.RemoteWebDriver.findElement(RemoteWebDriver.java:368)
	at org.openqa.selenium.remote.RemoteWebDriver.findElement(RemoteWebDriver.java:362)
	at org.openqa.selenium.support.pagefactory.DefaultElementLocator.findElement(DefaultElementLocator.java:68)
	at org.openqa.selenium.support.pagefactory.internal.LocatingElementHandler.invoke(LocatingElementHandler.java:38)
	at jdk.proxy2/jdk.proxy2.$Proxy16.getText(Unknown Source)
	at pages.AdminUserPage.getSerachUser(AdminUserPage.java:101)
	at testscript.AdminUserTest.verifyWhetherUserIsAbleToSearchAUser(AdminUserTest.java:55)
	at java.base/java.util.ArrayList.forEach(ArrayList.java:1511)
... Removed 32 stack frames
</div> <!-- stack-trace -->
                  <em>
(Verifying searching a user in Admin User page)                  </em>
                </div> <!-- method-content -->
              </div> <!-- method -->
            </div> <!-- main-panel-content rounded-window-bottom -->
          </div> <!-- suite-Suite-class-skipped -->
          <div class="suite-Suite-class-passed">
            <div class="main-panel-header rounded-window-top">
              <img src="passed.png"/>
              <span class="class-name">testscript.ManageNewsTest</span>
            </div> <!-- main-panel-header rounded-window-top -->
            <div class="main-panel-content rounded-window-bottom">
              <div class="method">
                <div class="method-content">
                  <a name="verifyWhetherUserIsAbleToAddNewNews">
                  </a> <!-- verifyWhetherUserIsAbleToAddNewNews -->
                  <span class="method-name">verifyWhetherUserIsAbleToAddNewNews</span>
                  <em>
(Verifying adding a new news in Manage News page)                  </em>
                </div> <!-- method-content -->
              </div> <!-- method -->
              <div class="method">
                <div class="method-content">
                  <a name="verifyWhetherUserIsAbleToSearchANews">
                  </a> <!-- verifyWhetherUserIsAbleToSearchANews -->
                  <span class="method-name">verifyWhetherUserIsAbleToSearchANews</span>
                  <em>
(Verifying searching a new news in Manage News page)                  </em>
                </div> <!-- method-content -->
              </div> <!-- method -->
            </div> <!-- main-panel-content rounded-window-bottom -->
          </div> <!-- suite-Suite-class-passed -->
          <div class="suite-Suite-class-passed">
            <div class="main-panel-header rounded-window-top">
              <img src="passed.png"/>
              <span class="class-name">testscript.AdminUserTest</span>
            </div> <!-- main-panel-header rounded-window-top -->
            <div class="main-panel-content rounded-window-bottom">
              <div class="method">
                <div class="method-content">
                  <a name="verifyWhetherUserIsAbleToAddNewUser">
                  </a> <!-- verifyWhetherUserIsAbleToAddNewUser -->
                  <span class="method-name">verifyWhetherUserIsAbleToAddNewUser</span>
                  <em>
(Verifying adding a new user in Admin User page)                  </em>
                </div> <!-- method-content -->
              </div> <!-- method -->
            </div> <!-- main-panel-content rounded-window-bottom -->
          </div> <!-- suite-Suite-class-passed -->
          <div class="suite-Suite-class-passed">
            <div class="main-panel-header rounded-window-top">
              <img src="passed.png"/>
              <span class="class-name">testscript.HomeTest</span>
            </div> <!-- main-panel-header rounded-window-top -->
            <div class="main-panel-content rounded-window-bottom">
              <div class="method">
                <div class="method-content">
                  <a name="verifyWhetherUserIsAbleToLogoutSuccessfully">
                  </a> <!-- verifyWhetherUserIsAbleToLogoutSuccessfully -->
                  <span class="method-name">verifyWhetherUserIsAbleToLogoutSuccessfully</span>
                  <em>
(Verifying successful user logout)                  </em>
                </div> <!-- method-content -->
              </div> <!-- method -->
            </div> <!-- main-panel-content rounded-window-bottom -->
          </div> <!-- suite-Suite-class-passed -->
          <div class="suite-Suite-class-passed">
            <div class="main-panel-header rounded-window-top">
              <img src="passed.png"/>
              <span class="class-name">testscript.LoginTest</span>
            </div> <!-- main-panel-header rounded-window-top -->
            <div class="main-panel-content rounded-window-bottom">
              <div class="method">
                <div class="method-content">
                  <a name="verifyUserLoginWithInvalidCredential(test, test1)">
                  </a> <!-- verifyUserLoginWithInvalidCredential(test, test1) -->
                  <span class="method-name">verifyUserLoginWithInvalidCredential</span>
                  <span class="parameters">(test,test1)</span>
                  <em>
(Verifying user login with invalid credentials)                  </em>
                </div> <!-- method-content -->
              </div> <!-- method -->
              <div class="method">
                <div class="method-content">
                  <a name="verifyUserLoginWithInvalidCredential(test1, test2)">
                  </a> <!-- verifyUserLoginWithInvalidCredential(test1, test2) -->
                  <span class="method-name">verifyUserLoginWithInvalidCredential</span>
                  <span class="parameters">(test1,test2)</span>
                  <em>
(Verifying user login with invalid credentials)                  </em>
                </div> <!-- method-content -->
              </div> <!-- method -->
              <div class="method">
                <div class="method-content">
                  <a name="verifyUserLoginWithInvalidCredential(amin, amin)">
                  </a> <!-- verifyUserLoginWithInvalidCredential(amin, amin) -->
                  <span class="method-name">verifyUserLoginWithInvalidCredential</span>
                  <span class="parameters">(amin,amin)</span>
                  <em>
(Verifying user login with invalid credentials)                  </em>
                </div> <!-- method-content -->
              </div> <!-- method -->
              <div class="method">
                <div class="method-content">
                  <a name="verifyUserLoginWithInvalidUsernameAndValidPassword">
                  </a> <!-- verifyUserLoginWithInvalidUsernameAndValidPassword -->
                  <span class="method-name">verifyUserLoginWithInvalidUsernameAndValidPassword</span>
                  <em>
(Verifying user login with invalid username)                  </em>
                </div> <!-- method-content -->
              </div> <!-- method -->
              <div class="method">
                <div class="method-content">
                  <a name="verifyUserLoginWithValidCredentials">
                  </a> <!-- verifyUserLoginWithValidCredentials -->
                  <span class="method-name">verifyUserLoginWithValidCredentials</span>
                </div> <!-- method-content -->
              </div> <!-- method -->
              <div class="method">
                <div class="method-content">
                  <a name="verifyUserLoginWithValidUsernameAndInvalidPassword">
                  </a> <!-- verifyUserLoginWithValidUsernameAndInvalidPassword -->
                  <span class="method-name">verifyUserLoginWithValidUsernameAndInvalidPassword</span>
                  <em>
(Verifying user login with invalid password)                  </em>
                </div> <!-- method-content -->
              </div> <!-- method -->
            </div> <!-- main-panel-content rounded-window-bottom -->
          </div> <!-- suite-Suite-class-passed -->
        </div> <!-- panel Suite -->
        <div panel-name="test-xml-Suite" class="panel">
          <div class="main-panel-header rounded-window-top">
            <span class="header-content">C:\Users\asus\git\LiveProject\7RMartSuperMarketProject\testng.xml</span>
          </div> <!-- main-panel-header rounded-window-top -->
          <div class="main-panel-content rounded-window-bottom">
            <pre>
&lt;?xml version=&quot;1.0&quot; encoding=&quot;UTF-8&quot;?&gt;
&lt;!DOCTYPE suite SYSTEM &quot;https://testng.org/testng-1.0.dtd&quot;&gt;
&lt;suite name=&quot;Suite&quot; guice-stage=&quot;DEVELOPMENT&quot;&gt;
  &lt;parameter name=&quot;browser&quot; value=&quot;Chrome&quot;/&gt;
  &lt;listeners&gt;
    &lt;listener class-name=&quot;listeners.Listener&quot;/&gt;
  &lt;/listeners&gt;
  &lt;test thread-count=&quot;5&quot; name=&quot;Test&quot;&gt;
    &lt;classes&gt;
      &lt;class name=&quot;testscript.LoginTest&quot;/&gt;
      &lt;class name=&quot;testscript.HomeTest&quot;/&gt;
      &lt;class name=&quot;testscript.AdminUserTest&quot;/&gt;
      &lt;class name=&quot;testscript.ManageNewsTest&quot;/&gt;
      &lt;class name=&quot;testscript.ManageCategoryTest&quot;/&gt;
    &lt;/classes&gt;
  &lt;/test&gt; &lt;!-- Test --&gt;
&lt;/suite&gt; &lt;!-- Suite --&gt;
            </pre>
          </div> <!-- main-panel-content rounded-window-bottom -->
        </div> <!-- panel -->
        <div panel-name="testlist-Suite" class="panel">
          <div class="main-panel-header rounded-window-top">
            <span class="header-content">Tests for Suite</span>
          </div> <!-- main-panel-header rounded-window-top -->
          <div class="main-panel-content rounded-window-bottom">
            <ul>
              <li>
                <span class="test-name">Test (5 classes)</span>
              </li>
            </ul>
          </div> <!-- main-panel-content rounded-window-bottom -->
        </div> <!-- panel -->
        <div panel-name="group-Suite" class="panel">
          <div class="main-panel-header rounded-window-top">
            <span class="header-content">Groups for Suite</span>
          </div> <!-- main-panel-header rounded-window-top -->
          <div class="main-panel-content rounded-window-bottom">
            <div class="test-group">
              <span class="test-group-name">smoke</span>
              <br/>
              <div class="method-in-group">
                <span class="method-in-group-name">verifyUserLoginWithInvalidCredential</span>
                <br/>
              </div> <!-- method-in-group -->
              <div class="method-in-group">
                <span class="method-in-group-name">verifyUserLoginWithValidCredentials</span>
                <br/>
              </div> <!-- method-in-group -->
            </div> <!-- test-group -->
          </div> <!-- main-panel-content rounded-window-bottom -->
        </div> <!-- panel -->
        <div panel-name="times-Suite" class="panel">
          <div class="main-panel-header rounded-window-top">
            <span class="header-content">Times for Suite</span>
          </div> <!-- main-panel-header rounded-window-top -->
          <div class="main-panel-content rounded-window-bottom">
            <div class="times-div">
              <script type="text/javascript">
suiteTableInitFunctions.push('tableData_Suite');
function tableData_Suite() {
var data = new google.visualization.DataTable();
data.addColumn('number', 'Number');
data.addColumn('string', 'Method');
data.addColumn('string', 'Class');
data.addColumn('number', 'Time (ms)');
data.addRows(16);
data.setCell(0, 0, 0)
data.setCell(0, 1, 'verifyWhetherUserIsAbleToSearchAUser')
data.setCell(0, 2, 'testscript.AdminUserTest')
data.setCell(0, 3, 11606);
data.setCell(1, 0, 1)
data.setCell(1, 1, 'verifyWhetherUserIsAbleToSearchAUser')
data.setCell(1, 2, 'testscript.AdminUserTest')
data.setCell(1, 3, 11578);
data.setCell(2, 0, 2)
data.setCell(2, 1, 'verifyWhetherUserIsAbleToSearchAUser')
data.setCell(2, 2, 'testscript.AdminUserTest')
data.setCell(2, 3, 11566);
data.setCell(3, 0, 3)
data.setCell(3, 1, 'verifyWhetherUserIsAbleToAddNewUser')
data.setCell(3, 2, 'testscript.AdminUserTest')
data.setCell(3, 3, 2152);
data.setCell(4, 0, 4)
data.setCell(4, 1, 'verifyWhetherUserIsAbleToAddNewCategory')
data.setCell(4, 2, 'testscript.ManageCategoryTest')
data.setCell(4, 3, 2090);
data.setCell(5, 0, 5)
data.setCell(5, 1, 'verifyWhetherUserIsAbleToAddNewCategory')
data.setCell(5, 2, 'testscript.ManageCategoryTest')
data.setCell(5, 3, 1653);
data.setCell(6, 0, 6)
data.setCell(6, 1, 'verifyWhetherUserIsAbleToAddNewNews')
data.setCell(6, 2, 'testscript.ManageNewsTest')
data.setCell(6, 3, 1594);
data.setCell(7, 0, 7)
data.setCell(7, 1, 'verifyWhetherUserIsAbleToAddNewCategory')
data.setCell(7, 2, 'testscript.ManageCategoryTest')
data.setCell(7, 3, 1450);
data.setCell(8, 0, 8)
data.setCell(8, 1, 'verifyWhetherUserIsAbleToSearchANews')
data.setCell(8, 2, 'testscript.ManageNewsTest')
data.setCell(8, 3, 1386);
data.setCell(9, 0, 9)
data.setCell(9, 1, 'verifyUserLoginWithValidCredentials')
data.setCell(9, 2, 'testscript.LoginTest')
data.setCell(9, 3, 1345);
data.setCell(10, 0, 10)
data.setCell(10, 1, 'verifyWhetherUserIsAbleToLogoutSuccessfully')
data.setCell(10, 2, 'testscript.HomeTest')
data.setCell(10, 3, 1018);
data.setCell(11, 0, 11)
data.setCell(11, 1, 'verifyUserLoginWithValidUsernameAndInvalidPassword')
data.setCell(11, 2, 'testscript.LoginTest')
data.setCell(11, 3, 481);
data.setCell(12, 0, 12)
data.setCell(12, 1, 'verifyUserLoginWithInvalidCredential')
data.setCell(12, 2, 'testscript.LoginTest')
data.setCell(12, 3, 479);
data.setCell(13, 0, 13)
data.setCell(13, 1, 'verifyUserLoginWithInvalidUsernameAndValidPassword')
data.setCell(13, 2, 'testscript.LoginTest')
data.setCell(13, 3, 472);
data.setCell(14, 0, 14)
data.setCell(14, 1, 'verifyUserLoginWithInvalidCredential')
data.setCell(14, 2, 'testscript.LoginTest')
data.setCell(14, 3, 469);
data.setCell(15, 0, 15)
data.setCell(15, 1, 'verifyUserLoginWithInvalidCredential')
data.setCell(15, 2, 'testscript.LoginTest')
data.setCell(15, 3, 444);
window.suiteTableData['Suite']= { tableData: data, tableDiv: 'times-div-Suite'}
return data;
}
              </script>
              <span class="suite-total-time">Total running time: 49 seconds</span>
              <div id="times-div-Suite">
              </div> <!-- times-div-Suite -->
            </div> <!-- times-div -->
          </div> <!-- main-panel-content rounded-window-bottom -->
        </div> <!-- panel -->
        <div panel-name="reporter-Suite" class="panel">
          <div class="main-panel-header rounded-window-top">
            <span class="header-content">Reporter output for Suite</span>
          </div> <!-- main-panel-header rounded-window-top -->
          <div class="main-panel-content rounded-window-bottom">
          </div> <!-- main-panel-content rounded-window-bottom -->
        </div> <!-- panel -->
        <div panel-name="ignored-methods-Suite" class="panel">
          <div class="main-panel-header rounded-window-top">
            <span class="header-content">0 ignored methods</span>
          </div> <!-- main-panel-header rounded-window-top -->
          <div class="main-panel-content rounded-window-bottom">
          </div> <!-- main-panel-content rounded-window-bottom -->
        </div> <!-- panel -->
        <div panel-name="chronological-Suite" class="panel">
          <div class="main-panel-header rounded-window-top">
            <span class="header-content">Methods in chronological order</span>
          </div> <!-- main-panel-header rounded-window-top -->
          <div class="main-panel-content rounded-window-bottom">
            <div class="chronological-class">
              <div class="chronological-class-name">testscript.LoginTest</div> <!-- chronological-class-name -->
              <div class="configuration-method before">
                <span class="method-name">initializeBrowser(Chrome)</span>
                <span class="method-start">0 ms</span>
              </div> <!-- configuration-method before -->
              <div class="test-method">
                <span class="method-name">verifyUserLoginWithValidCredentials</span>
                <span class="method-start">4913 ms</span>
              </div> <!-- test-method -->
              <div class="configuration-method after">
                <span class="method-name">driverQuit([TestResult name=verifyUserLoginWithValidCredentials status=SUCCESS method=LoginTest.verifyUserLogin...)</span>
                <span class="method-start">6261 ms</span>
              </div> <!-- configuration-method after -->
              <div class="configuration-method before">
                <span class="method-name">initializeBrowser(Chrome)</span>
                <span class="method-start">6438 ms</span>
              </div> <!-- configuration-method before -->
              <div class="test-method">
                <span class="method-name">verifyUserLoginWithInvalidUsernameAndValidPassword</span>
                <span class="method-start">8306 ms</span>
              </div> <!-- test-method -->
              <div class="configuration-method after">
                <span class="method-name">driverQuit([TestResult name=verifyUserLoginWithInvalidUsernameAndValidPassword status=SUCCESS method=LoginTest....)</span>
                <span class="method-start">8779 ms</span>
              </div> <!-- configuration-method after -->
              <div class="configuration-method before">
                <span class="method-name">initializeBrowser(Chrome)</span>
                <span class="method-start">8940 ms</span>
              </div> <!-- configuration-method before -->
              <div class="test-method">
                <span class="method-name">verifyUserLoginWithValidUsernameAndInvalidPassword</span>
                <span class="method-start">10656 ms</span>
              </div> <!-- test-method -->
              <div class="configuration-method after">
                <span class="method-name">driverQuit([TestResult name=verifyUserLoginWithValidUsernameAndInvalidPassword status=SUCCESS method=LoginTest....)</span>
                <span class="method-start">11138 ms</span>
              </div> <!-- configuration-method after -->
              <div class="configuration-method before">
                <span class="method-name">initializeBrowser(Chrome)</span>
                <span class="method-start">11340 ms</span>
              </div> <!-- configuration-method before -->
              <div class="test-method">
                <span class="method-name">verifyUserLoginWithInvalidCredential(test, test1)</span>
                <span class="method-start">13055 ms</span>
              </div> <!-- test-method -->
              <div class="configuration-method after">
                <span class="method-name">driverQuit([TestResult name=verifyUserLoginWithInvalidCredential status=SUCCESS method=LoginTest.verifyUserLogi...)</span>
                <span class="method-start">13536 ms</span>
              </div> <!-- configuration-method after -->
              <div class="configuration-method before">
                <span class="method-name">initializeBrowser(Chrome)</span>
                <span class="method-start">13685 ms</span>
              </div> <!-- configuration-method before -->
              <div class="test-method">
                <span class="method-name">verifyUserLoginWithInvalidCredential(test1, test2)</span>
                <span class="method-start">15593 ms</span>
              </div> <!-- test-method -->
              <div class="configuration-method after">
                <span class="method-name">driverQuit([TestResult name=verifyUserLoginWithInvalidCredential status=SUCCESS method=LoginTest.verifyUserLogi...)</span>
                <span class="method-start">16063 ms</span>
              </div> <!-- configuration-method after -->
              <div class="configuration-method before">
                <span class="method-name">initializeBrowser(Chrome)</span>
                <span class="method-start">16196 ms</span>
              </div> <!-- configuration-method before -->
              <div class="test-method">
                <span class="method-name">verifyUserLoginWithInvalidCredential(amin, amin)</span>
                <span class="method-start">18128 ms</span>
              </div> <!-- test-method -->
              <div class="configuration-method after">
                <span class="method-name">driverQuit([TestResult name=verifyUserLoginWithInvalidCredential status=SUCCESS method=LoginTest.verifyUserLogi...)</span>
                <span class="method-start">18573 ms</span>
              </div> <!-- configuration-method after -->
            </div> <!-- chronological-class -->
            <div class="chronological-class">
              <div class="chronological-class-name">testscript.HomeTest</div> <!-- chronological-class-name -->
              <div class="configuration-method before">
                <span class="method-name">initializeBrowser(Chrome)</span>
                <span class="method-start">18711 ms</span>
              </div> <!-- configuration-method before -->
              <div class="test-method">
                <span class="method-name">verifyWhetherUserIsAbleToLogoutSuccessfully</span>
                <span class="method-start">20390 ms</span>
              </div> <!-- test-method -->
              <div class="configuration-method after">
                <span class="method-name">driverQuit([TestResult name=verifyWhetherUserIsAbleToLogoutSuccessfully status=SUCCESS method=HomeTest.verifyWh...)</span>
                <span class="method-start">21409 ms</span>
              </div> <!-- configuration-method after -->
            </div> <!-- chronological-class -->
            <div class="chronological-class">
              <div class="chronological-class-name">testscript.AdminUserTest</div> <!-- chronological-class-name -->
              <div class="configuration-method before">
                <span class="method-name">initializeBrowser(Chrome)</span>
                <span class="method-start">21545 ms</span>
              </div> <!-- configuration-method before -->
              <div class="test-method">
                <span class="method-name">verifyWhetherUserIsAbleToAddNewUser</span>
                <span class="method-start">23192 ms</span>
              </div> <!-- test-method -->
              <div class="configuration-method after">
                <span class="method-name">driverQuit([TestResult name=verifyWhetherUserIsAbleToAddNewUser status=SUCCESS method=AdminUserTest.verifyWheth...)</span>
                <span class="method-start">25345 ms</span>
              </div> <!-- configuration-method after -->
              <div class="configuration-method before">
                <span class="method-name">initializeBrowser(Chrome)</span>
                <span class="method-start">25490 ms</span>
              </div> <!-- configuration-method before -->
              <div class="test-method">
                <span class="method-name">verifyWhetherUserIsAbleToSearchAUser</span>
                <span class="method-start">27389 ms</span>
              </div> <!-- test-method -->
              <div class="configuration-method after">
                <span class="method-name">driverQuit([TestResult name=verifyWhetherUserIsAbleToSearchAUser status=SKIP method=AdminUserTest.verifyWhether...)</span>
                <span class="method-start">39010 ms</span>
              </div> <!-- configuration-method after -->
              <div class="configuration-method before">
                <span class="method-name">initializeBrowser(Chrome)</span>
                <span class="method-start">39137 ms</span>
              </div> <!-- configuration-method before -->
              <div class="test-method">
                <span class="method-name">verifyWhetherUserIsAbleToSearchAUser</span>
                <span class="method-start">41095 ms</span>
              </div> <!-- test-method -->
              <div class="configuration-method after">
                <span class="method-name">driverQuit([TestResult name=verifyWhetherUserIsAbleToSearchAUser status=SKIP method=AdminUserTest.verifyWhether...)</span>
                <span class="method-start">52673 ms</span>
              </div> <!-- configuration-method after -->
              <div class="configuration-method before">
                <span class="method-name">initializeBrowser(Chrome)</span>
                <span class="method-start">52862 ms</span>
              </div> <!-- configuration-method before -->
              <div class="test-method">
                <img src="failed.png">
                </img>
                <span class="method-name">verifyWhetherUserIsAbleToSearchAUser</span>
                <span class="method-start">54542 ms</span>
              </div> <!-- test-method -->
              <div class="configuration-method after">
                <span class="method-name">driverQuit([TestResult name=verifyWhetherUserIsAbleToSearchAUser status=FAILURE method=AdminUserTest.verifyWhet...)</span>
                <span class="method-start">66108 ms</span>
              </div> <!-- configuration-method after -->
            </div> <!-- chronological-class -->
            <div class="chronological-class">
              <div class="chronological-class-name">testscript.ManageNewsTest</div> <!-- chronological-class-name -->
              <div class="configuration-method before">
                <span class="method-name">initializeBrowser(Chrome)</span>
                <span class="method-start">66433 ms</span>
              </div> <!-- configuration-method before -->
              <div class="test-method">
                <span class="method-name">verifyWhetherUserIsAbleToAddNewNews</span>
                <span class="method-start">68270 ms</span>
              </div> <!-- test-method -->
              <div class="configuration-method after">
                <span class="method-name">driverQuit([TestResult name=verifyWhetherUserIsAbleToAddNewNews status=SUCCESS method=ManageNewsTest.verifyWhet...)</span>
                <span class="method-start">69865 ms</span>
              </div> <!-- configuration-method after -->
              <div class="configuration-method before">
                <span class="method-name">initializeBrowser(Chrome)</span>
                <span class="method-start">70030 ms</span>
              </div> <!-- configuration-method before -->
              <div class="test-method">
                <span class="method-name">verifyWhetherUserIsAbleToSearchANews</span>
                <span class="method-start">71974 ms</span>
              </div> <!-- test-method -->
              <div class="configuration-method after">
                <span class="method-name">driverQuit([TestResult name=verifyWhetherUserIsAbleToSearchANews status=SUCCESS method=ManageNewsTest.verifyWhe...)</span>
                <span class="method-start">73361 ms</span>
              </div> <!-- configuration-method after -->
            </div> <!-- chronological-class -->
            <div class="chronological-class">
              <div class="chronological-class-name">testscript.ManageCategoryTest</div> <!-- chronological-class-name -->
              <div class="configuration-method before">
                <span class="method-name">initializeBrowser(Chrome)</span>
                <span class="method-start">73541 ms</span>
              </div> <!-- configuration-method before -->
              <div class="test-method">
                <span class="method-name">verifyWhetherUserIsAbleToAddNewCategory</span>
                <span class="method-start">75846 ms</span>
              </div> <!-- test-method -->
              <div class="configuration-method after">
                <span class="method-name">driverQuit([TestResult name=verifyWhetherUserIsAbleToAddNewCategory status=SKIP method=ManageCategoryTest.verif...)</span>
                <span class="method-start">77937 ms</span>
              </div> <!-- configuration-method after -->
              <div class="configuration-method before">
                <span class="method-name">initializeBrowser(Chrome)</span>
                <span class="method-start">78104 ms</span>
              </div> <!-- configuration-method before -->
              <div class="test-method">
                <span class="method-name">verifyWhetherUserIsAbleToAddNewCategory</span>
                <span class="method-start">79948 ms</span>
              </div> <!-- test-method -->
              <div class="configuration-method after">
                <span class="method-name">driverQuit([TestResult name=verifyWhetherUserIsAbleToAddNewCategory status=SKIP method=ManageCategoryTest.verif...)</span>
                <span class="method-start">81601 ms</span>
              </div> <!-- configuration-method after -->
              <div class="configuration-method before">
                <span class="method-name">initializeBrowser(Chrome)</span>
                <span class="method-start">81759 ms</span>
              </div> <!-- configuration-method before -->
              <div class="test-method">
                <img src="failed.png">
                </img>
                <span class="method-name">verifyWhetherUserIsAbleToAddNewCategory</span>
                <span class="method-start">83434 ms</span>
              </div> <!-- test-method -->
              <div class="configuration-method after">
                <span class="method-name">driverQuit([TestResult name=verifyWhetherUserIsAbleToAddNewCategory status=FAILURE method=ManageCategoryTest.ve...)</span>
                <span class="method-start">84886 ms</span>
              </div> <!-- configuration-method after -->
          </div> <!-- main-panel-content rounded-window-bottom -->
        </div> <!-- panel -->
      </div> <!-- main-panel-root -->
    </div> <!-- wrapper -->
  </body>
<script type="text/javascript" src="testng-reports2.js"></script>
</html>
